Flutter crash report; please file at https://github.com/flutter/flutter/issues.

## command

flutter build apk

## exception

String: Exit code 1 from: E:\Flutter\nssl\android\gradlew.bat -v:
Downloading https://services.gradle.org/distributions/gradle-3.4-all.zip
..................................................................................................................................................................................................................................................................................................................................................................................................................................................................................................................................................................................................................................................................................................................................................................................................................................................................................................................................................................................................................................................................................................................................................................................................................................................................................................................................................................................................................................................................................................................................................................................................................................................................................................................................................................................................................................................................................................................................................................................................................................................................................................................................................................................................................................................................................................................................................................................................................................................................................................................................................................................................................................................................................................................................................................................................................................................................................................................................................................................................................................................................................................................................................................................................................................................................................................................................................................................................................................................................................................................................................................................................................................................................................................................................................................................................................................................................................................................................................................................................................................................................................................................................................................................................................................................................................................................................................................................................................................................................................................................................................................................................................................................................................................................................................................
Unzipping C:\Users\susch\.gradle\wrapper\dists\gradle-3.4-all\4bi7dnjj1pmknw0wphqavp2sz\gradle-3.4-all.zip to C:\Users\susch\.gradle\wrapper\dists\gradle-3.4-all\4bi7dnjj1pmknw0wphqavp2sz


FAILURE: Build failed with an exception.

* What went wrong:
Could not determine java version from '9.0.4'.

* Try:
Run with --stacktrace option to get the stack trace. Run with --info or --debug option to get more log output.

```
#0      runCheckedAsync (package:flutter_tools/src/base/process.dart:242)
<asynchronous suspension>
#1      _initializeGradle (package:flutter_tools/src/android/gradle.dart:171)
<asynchronous suspension>
#2      _ensureGradle (package:flutter_tools/src/android/gradle.dart:153)
<asynchronous suspension>
#3      buildGradleProject (package:flutter_tools/src/android/gradle.dart:227)
<asynchronous suspension>
#4      buildApk (package:flutter_tools/src/android/apk.dart:36)
<asynchronous suspension>
#5      BuildApkCommand.runCommand (package:flutter_tools/src/commands/build_apk.dart:36)
<asynchronous suspension>
#6      FlutterCommand.verifyThenRunCommand (package:flutter_tools/src/runner/flutter_command.dart:271)
<asynchronous suspension>
#7      FlutterCommand.run (package:flutter_tools/src/runner/flutter_command.dart:211)
<asynchronous suspension>
#8      CommandRunner.runCommand (package:args/command_runner.dart:194)
<asynchronous suspension>
#9      FlutterCommandRunner.runCommand (package:flutter_tools/src/runner/flutter_command_runner.dart:284)
<asynchronous suspension>
#10     CommandRunner.run.<anonymous closure> (package:args/command_runner.dart:109)
#11     new Future.sync (dart:async/future.dart:222)
#12     CommandRunner.run (package:args/command_runner.dart:109)
#13     FlutterCommandRunner.run (package:flutter_tools/src/runner/flutter_command_runner.dart:166)
#14     run.<anonymous closure> (package:flutter_tools/runner.dart:89)
<asynchronous suspension>
#15     AppContext._run (package:flutter_tools/src/base/context.dart:76)
<asynchronous suspension>
#16     AppContext.runInZone.<anonymous closure> (package:flutter_tools/src/base/context.dart:66)
#17     _rootRun (dart:async/zone.dart:1126)
#18     _CustomZone.run (dart:async/zone.dart:1023)
#19     runZoned (dart:async/zone.dart:1501)
#20     AppContext.runInZone (package:flutter_tools/src/base/context.dart:65)
#21     run (package:flutter_tools/runner.dart:60)
<asynchronous suspension>
#22     main (package:flutter_tools/executable.dart:44)
<asynchronous suspension>
#23     main (file:///E:/Flutter/flutter/packages/flutter_tools/bin/flutter_tools.dart:16)
#24     _startIsolate.<anonymous closure> (dart:isolate-patch/dart:isolate/isolate_patch.dart:275)
#25     _RawReceivePortImpl._handleMessage (dart:isolate-patch/dart:isolate/isolate_patch.dart:163)
```

## flutter doctor

```
[✓] Flutter (on Microsoft Windows [Version 10.0.16299.125], locale de-DE, channel master)
    • Flutter version 0.0.21-pre.278 at E:\Flutter\flutter
    • Framework revision e910ce7ece (5 hours ago), 2018-01-19 07:05:28 -0800
    • Engine revision 3e49d8a815
    • Tools Dart version 2.0.0-dev.16.0
    • Engine Dart version 2.0.0-edge.93d8c9fe2a2c22dc95ec85866af108cfab71ad06

[✓] Android toolchain - develop for Android devices (Android SDK 25.0.3)
    • Android SDK at E:\Android\sdk
    • Android NDK location not configured (optional; useful for native profiling support)
    • Platform android-25, build-tools 25.0.3
    • ANDROID_HOME = E:\Android
    • Java binary at: C:\ProgramData\Oracle\Java\javapath\java.exe
    • Java version Java(TM) SE Runtime Environment (build 9.0.4+11)

[✗] Android Studio (not installed)
    • Android Studio not found; download from https://developer.android.com/studio/index.html
      (or visit https://flutter.io/setup/#android-setup for detailed instructions).

[✓] IntelliJ IDEA Community Edition (version 2017.3)
    • Flutter plugin version 21.0.3
    • Dart plugin version 173.4301.22

[-] Connected devices
    • None

```
